<?xml version="1.0" encoding="UTF-8"?>
<!-- Generated by org.testng.reporters.JUnitReportReporter -->
<testsuite hostname="LPFKOL015150" failures="0" tests="1" name="TestClass.CreateCampaignTest" time="16.897" errors="0" timestamp="2024-09-16T10:35:35 IST" skipped="0">
  <testcase classname="TestClass.CreateCampaignTest" name="createCampaignProcress" time="16.897"/>
</testsuite> <!-- TestClass.CreateCampaignTest -->
