<?xml version="1.0" encoding="UTF-8"?>
<!-- Generated by org.testng.reporters.JUnitReportReporter -->
<testsuite hostname="LPFKOL015150" failures="0" tests="1" name="TestClass.CreateTemplateTest" time="18.257" errors="0" timestamp="2024-12-17T11:45:25 IST" skipped="0">
  <testcase classname="TestClass.CreateTemplateTest" name="createTemplate" time="18.257"/>
</testsuite> <!-- TestClass.CreateTemplateTest -->
