<?xml version="1.0" encoding="UTF-8"?>
<!-- Generated by org.testng.reporters.JUnitReportReporter -->
<testsuite hostname="LPFKOL015150" failures="0" tests="1" name="TestClass.LoginTest" time="13.965" errors="0" timestamp="2024-12-17T11:45:25 IST" skipped="0">
  <testcase classname="TestClass.LoginTest" name="userLoginAndLogOut" time="13.965"/>
</testsuite> <!-- TestClass.LoginTest -->
