<?xml version="1.0" encoding="UTF-8"?>
<!-- Generated by org.testng.reporters.JUnitReportReporter -->
<testsuite hostname="LPFKOL015150" failures="0" tests="1" name="TestClass.LoginTest" time="10.727" errors="0" timestamp="2024-09-20T18:31:22 IST" skipped="0">
  <testcase classname="TestClass.LoginTest" name="userLoginAndLogOut" time="10.727"/>
</testsuite> <!-- TestClass.LoginTest -->
