<?xml version="1.0" encoding="UTF-8"?>
<!-- Generated by org.testng.reporters.JUnitReportReporter -->
<testsuite hostname="LPFKOL015150" failures="0" tests="1" name="TestClass.CreateCampaignTest" time="22.210" errors="0" timestamp="2024-09-13T16:49:39 IST" skipped="0">
  <testcase classname="TestClass.CreateCampaignTest" name="createCampaignProcress" time="22.210"/>
</testsuite> <!-- TestClass.CreateCampaignTest -->
