<?xml version="1.0" encoding="UTF-8"?>
<!-- Generated by org.testng.reporters.JUnitReportReporter -->
<testsuite hostname="LPFKOL015150" failures="0" tests="1" name="TestClass.AudienceConfigurationTest" time="13.072" errors="0" timestamp="2024-09-20T18:31:22 IST" skipped="0">
  <testcase classname="TestClass.AudienceConfigurationTest" name="createUserCustomAttribute" time="13.072"/>
</testsuite> <!-- TestClass.AudienceConfigurationTest -->
